Building DAG of jobs...
Using shell: /bin/bash
Provided cores: 1 (use --cores to define parallelism)
Rules claiming more threads will be scaled down.
Job counts:
	count	jobs
	1	all
	3	dadi_sfs_to_fsc
	1	download_genetic_map
	3	fsc_setup
	3	get_best_fsc_run
	3	get_fsc_output
	3	plot_estimates
	3	run_fsc
	3	simulation
	3	ts_to_dadi_sfs
	26
Select jobs to execute...

[Thu Jul  1 07:56:12 2021]
Job 9: Downloading default genetic map

[Thu Jul  1 07:56:25 2021]
Finished job 9.
1 of 26 steps (4%) done
Select jobs to execute...

[Thu Jul  1 07:56:25 2021]
rule simulation:
    input: .genetic_map_downloaded
    output: experiment/low/1845187043/Intermediate/chr22.trees
    jobid: 25
    wildcards: model_mode=low, seeds=1845187043

[Thu Jul  1 07:57:18 2021]
Finished job 25.
2 of 26 steps (8%) done
Select jobs to execute...

[Thu Jul  1 07:57:18 2021]
rule ts_to_dadi_sfs:
    input: experiment/low/1845187043/Intermediate/chr22.trees
    output: experiment/low/1845187043/Intermediate/chr22_dadi_joint_sfs.fs, experiment/low/1845187043/Intermediate/chr22_dadi_joint_sfs_with_nonvariant.fs
    jobid: 24
    wildcards: model_mode=low, seeds=1845187043

[Thu Jul  1 07:57:30 2021]
Finished job 24.
3 of 26 steps (12%) done
Select jobs to execute...

[Thu Jul  1 07:57:30 2021]
rule dadi_sfs_to_fsc:
    input: experiment/low/1845187043/Intermediate/chr22_dadi_joint_sfs.fs, experiment/low/1845187043/Intermediate/chr22_dadi_joint_sfs_with_nonvariant.fs
    output: experiment/low/1845187043/Intermediate/fsc_analysis/IM_hum_jointDAFpop1_0.obs
    jobid: 23
    wildcards: model_mode=low, seeds=1845187043

[Thu Jul  1 07:57:41 2021]
Finished job 23.
4 of 26 steps (15%) done
Select jobs to execute...

[Thu Jul  1 07:57:41 2021]
rule simulation:
    input: .genetic_map_downloaded
    output: experiment/regular/1845187043/Intermediate/chr22.trees
    jobid: 8
    wildcards: model_mode=regular, seeds=1845187043

[Thu Jul  1 07:58:30 2021]
Finished job 8.
5 of 26 steps (19%) done
Select jobs to execute...

[Thu Jul  1 07:58:30 2021]
rule fsc_setup:
    input: experiment/low/1845187043/Intermediate/fsc_analysis/IM_hum_jointDAFpop1_0.obs
    output: experiment/low/1845187043/Intermediate/fsc_analysis/IM_hum.est, experiment/low/1845187043/Intermediate/fsc_analysis/IM_hum.tpl
    jobid: 22
    wildcards: model_mode=low, seeds=1845187043

[Thu Jul  1 07:58:31 2021]
Finished job 22.
6 of 26 steps (23%) done
Select jobs to execute...

[Thu Jul  1 07:58:31 2021]
rule ts_to_dadi_sfs:
    input: experiment/regular/1845187043/Intermediate/chr22.trees
    output: experiment/regular/1845187043/Intermediate/chr22_dadi_joint_sfs.fs, experiment/regular/1845187043/Intermediate/chr22_dadi_joint_sfs_with_nonvariant.fs
    jobid: 7
    wildcards: model_mode=regular, seeds=1845187043

[Thu Jul  1 07:58:39 2021]
Finished job 7.
7 of 26 steps (27%) done
Select jobs to execute...

[Thu Jul  1 07:58:40 2021]
rule run_fsc:
    input: experiment/low/1845187043/Intermediate/fsc_analysis/IM_hum.tpl
    output: experiment/low/1845187043/Intermediate/fsc_analysis/run10/IM_hum/IM_hum.bestlhoods
    jobid: 21
    wildcards: model_mode=low, seeds=1845187043

[Thu Jul  1 09:19:04 2021]
Finished job 21.
8 of 26 steps (31%) done
Select jobs to execute...

[Thu Jul  1 09:19:05 2021]
rule get_fsc_output:
    input: experiment/low/1845187043/Intermediate/fsc_analysis/run10/IM_hum/IM_hum.bestlhoods
    output: experiment/low/1845187043/Intermediate/fsc_analysis/fsc_results_sorted.txt
    jobid: 20
    wildcards: model_mode=low, seeds=1845187043

[Thu Jul  1 09:19:10 2021]
Finished job 20.
9 of 26 steps (35%) done
Select jobs to execute...

[Thu Jul  1 09:19:10 2021]
rule dadi_sfs_to_fsc:
    input: experiment/regular/1845187043/Intermediate/chr22_dadi_joint_sfs.fs, experiment/regular/1845187043/Intermediate/chr22_dadi_joint_sfs_with_nonvariant.fs
    output: experiment/regular/1845187043/Intermediate/fsc_analysis/IM_hum_jointDAFpop1_0.obs
    jobid: 6
    wildcards: model_mode=regular, seeds=1845187043

[Thu Jul  1 09:19:14 2021]
Finished job 6.
10 of 26 steps (38%) done
Select jobs to execute...

[Thu Jul  1 09:19:14 2021]
rule get_best_fsc_run:
    input: experiment/low/1845187043/Intermediate/fsc_analysis/fsc_results_sorted.txt
    output: experiment/low/1845187043/Results/best_fsc_run.txt
    jobid: 19
    wildcards: model_mode=low, seeds=1845187043

[Thu Jul  1 09:19:18 2021]
Finished job 19.
11 of 26 steps (42%) done
Select jobs to execute...

[Thu Jul  1 09:19:18 2021]
rule fsc_setup:
    input: experiment/regular/1845187043/Intermediate/fsc_analysis/IM_hum_jointDAFpop1_0.obs
    output: experiment/regular/1845187043/Intermediate/fsc_analysis/IM_hum.est, experiment/regular/1845187043/Intermediate/fsc_analysis/IM_hum.tpl
    jobid: 5
    wildcards: model_mode=regular, seeds=1845187043

[Thu Jul  1 09:19:18 2021]
Finished job 5.
12 of 26 steps (46%) done
Select jobs to execute...

[Thu Jul  1 09:19:18 2021]
rule plot_estimates:
    input: experiment/low/1845187043/Results/best_fsc_run.txt
    output: experiment/low/1845187043/Results/estimates_N_tdiv_fsc.png, experiment/low/1845187043/Results/estimates_mig_fsc.png
    jobid: 18
    wildcards: model_mode=low, seeds=1845187043

[Thu Jul  1 09:19:24 2021]
Finished job 18.
13 of 26 steps (50%) done
Select jobs to execute...

[Thu Jul  1 09:19:24 2021]
rule simulation:
    input: .genetic_map_downloaded
    output: experiment/high/1845187043/Intermediate/chr22.trees
    jobid: 17
    wildcards: model_mode=high, seeds=1845187043

[Thu Jul  1 09:20:11 2021]
Finished job 17.
14 of 26 steps (54%) done
Select jobs to execute...

[Thu Jul  1 09:20:11 2021]
rule run_fsc:
    input: experiment/regular/1845187043/Intermediate/fsc_analysis/IM_hum.tpl
    output: experiment/regular/1845187043/Intermediate/fsc_analysis/run10/IM_hum/IM_hum.bestlhoods
    jobid: 4
    wildcards: model_mode=regular, seeds=1845187043

[Thu Jul  1 10:46:04 2021]
Finished job 4.
15 of 26 steps (58%) done
Select jobs to execute...

[Thu Jul  1 10:46:04 2021]
rule get_fsc_output:
    input: experiment/regular/1845187043/Intermediate/fsc_analysis/run10/IM_hum/IM_hum.bestlhoods
    output: experiment/regular/1845187043/Intermediate/fsc_analysis/fsc_results_sorted.txt
    jobid: 3
    wildcards: model_mode=regular, seeds=1845187043

[Thu Jul  1 10:46:11 2021]
Finished job 3.
16 of 26 steps (62%) done
Select jobs to execute...

[Thu Jul  1 10:46:11 2021]
rule ts_to_dadi_sfs:
    input: experiment/high/1845187043/Intermediate/chr22.trees
    output: experiment/high/1845187043/Intermediate/chr22_dadi_joint_sfs.fs, experiment/high/1845187043/Intermediate/chr22_dadi_joint_sfs_with_nonvariant.fs
    jobid: 16
    wildcards: model_mode=high, seeds=1845187043

[Thu Jul  1 10:46:18 2021]
Finished job 16.
17 of 26 steps (65%) done
Select jobs to execute...

[Thu Jul  1 10:46:19 2021]
rule dadi_sfs_to_fsc:
    input: experiment/high/1845187043/Intermediate/chr22_dadi_joint_sfs.fs, experiment/high/1845187043/Intermediate/chr22_dadi_joint_sfs_with_nonvariant.fs
    output: experiment/high/1845187043/Intermediate/fsc_analysis/IM_hum_jointDAFpop1_0.obs
    jobid: 15
    wildcards: model_mode=high, seeds=1845187043

[Thu Jul  1 10:46:22 2021]
Finished job 15.
18 of 26 steps (69%) done
Select jobs to execute...

[Thu Jul  1 10:46:22 2021]
rule fsc_setup:
    input: experiment/high/1845187043/Intermediate/fsc_analysis/IM_hum_jointDAFpop1_0.obs
    output: experiment/high/1845187043/Intermediate/fsc_analysis/IM_hum.est, experiment/high/1845187043/Intermediate/fsc_analysis/IM_hum.tpl
    jobid: 14
    wildcards: model_mode=high, seeds=1845187043

[Thu Jul  1 10:46:22 2021]
Finished job 14.
19 of 26 steps (73%) done
Select jobs to execute...

[Thu Jul  1 10:46:22 2021]
rule run_fsc:
    input: experiment/high/1845187043/Intermediate/fsc_analysis/IM_hum.tpl
    output: experiment/high/1845187043/Intermediate/fsc_analysis/run10/IM_hum/IM_hum.bestlhoods
    jobid: 13
    wildcards: model_mode=high, seeds=1845187043

[Thu Jul  1 12:01:18 2021]
Finished job 13.
20 of 26 steps (77%) done
Select jobs to execute...

[Thu Jul  1 12:01:18 2021]
rule get_fsc_output:
    input: experiment/high/1845187043/Intermediate/fsc_analysis/run10/IM_hum/IM_hum.bestlhoods
    output: experiment/high/1845187043/Intermediate/fsc_analysis/fsc_results_sorted.txt
    jobid: 12
    wildcards: model_mode=high, seeds=1845187043

[Thu Jul  1 12:01:26 2021]
Finished job 12.
21 of 26 steps (81%) done
Select jobs to execute...

[Thu Jul  1 12:01:26 2021]
rule get_best_fsc_run:
    input: experiment/high/1845187043/Intermediate/fsc_analysis/fsc_results_sorted.txt
    output: experiment/high/1845187043/Results/best_fsc_run.txt
    jobid: 11
    wildcards: model_mode=high, seeds=1845187043

[Thu Jul  1 12:01:31 2021]
Finished job 11.
22 of 26 steps (85%) done
Select jobs to execute...

[Thu Jul  1 12:01:31 2021]
rule get_best_fsc_run:
    input: experiment/regular/1845187043/Intermediate/fsc_analysis/fsc_results_sorted.txt
    output: experiment/regular/1845187043/Results/best_fsc_run.txt
    jobid: 2
    wildcards: model_mode=regular, seeds=1845187043

[Thu Jul  1 12:01:36 2021]
Finished job 2.
23 of 26 steps (88%) done
Select jobs to execute...

[Thu Jul  1 12:01:36 2021]
rule plot_estimates:
    input: experiment/regular/1845187043/Results/best_fsc_run.txt
    output: experiment/regular/1845187043/Results/estimates_N_tdiv_fsc.png, experiment/regular/1845187043/Results/estimates_mig_fsc.png
    jobid: 1
    wildcards: model_mode=regular, seeds=1845187043

[Thu Jul  1 12:01:44 2021]
Finished job 1.
24 of 26 steps (92%) done
Select jobs to execute...

[Thu Jul  1 12:01:44 2021]
rule plot_estimates:
    input: experiment/high/1845187043/Results/best_fsc_run.txt
    output: experiment/high/1845187043/Results/estimates_N_tdiv_fsc.png, experiment/high/1845187043/Results/estimates_mig_fsc.png
    jobid: 10
    wildcards: model_mode=high, seeds=1845187043

[Thu Jul  1 12:01:50 2021]
Finished job 10.
25 of 26 steps (96%) done
Select jobs to execute...

[Thu Jul  1 12:01:50 2021]
localrule all:
    input: experiment/regular/1845187043/Results/estimates_N_tdiv_fsc.png, experiment/high/1845187043/Results/estimates_N_tdiv_fsc.png, experiment/low/1845187043/Results/estimates_N_tdiv_fsc.png, experiment/regular/1845187043/Results/estimates_mig_fsc.png, experiment/high/1845187043/Results/estimates_mig_fsc.png, experiment/low/1845187043/Results/estimates_mig_fsc.png
    jobid: 0

[Thu Jul  1 12:01:50 2021]
Finished job 0.
26 of 26 steps (100%) done
Complete log: /code/src/analysis/snakefile_v1/03_3_t_div_1_rep/.snakemake/log/2021-07-01T075609.544066.snakemake.log
