Building DAG of jobs...
Using shell: /bin/bash
Provided cores: 1 (use --cores to define parallelism)
Rules claiming more threads will be scaled down.
Job counts:
	count	jobs
	1	all
	1	dadi_sfs_to_fsc
	1	download_genetic_map
	1	fsc_setup
	1	get_best_fsc_run
	1	get_fsc_output
	1	plot_estimates
	1	run_fsc
	1	simulation
	1	ts_to_dadi_sfs
	10
Select jobs to execute...

[Thu Aug  5 08:42:10 2021]
Job 9: Downloading default genetic map

[Thu Aug  5 08:42:45 2021]
Finished job 9.
1 of 10 steps (10%) done
Select jobs to execute...

[Thu Aug  5 08:42:45 2021]
rule simulation:
    input: .genetic_map_downloaded
    output: experiment/regular/1845187043/Intermediate/chr22.trees
    jobid: 8
    wildcards: model_mode=regular, seeds=1845187043

[Thu Aug  5 08:43:32 2021]
Finished job 8.
2 of 10 steps (20%) done
Select jobs to execute...

[Thu Aug  5 08:43:32 2021]
rule ts_to_dadi_sfs:
    input: experiment/regular/1845187043/Intermediate/chr22.trees
    output: experiment/regular/1845187043/Intermediate/chr22_dadi_joint_sfs.fs, experiment/regular/1845187043/Intermediate/chr22_dadi_joint_sfs_with_nonvariant.fs
    jobid: 7
    wildcards: model_mode=regular, seeds=1845187043

[Thu Aug  5 08:43:42 2021]
Finished job 7.
3 of 10 steps (30%) done
Select jobs to execute...

[Thu Aug  5 08:43:42 2021]
rule dadi_sfs_to_fsc:
    input: experiment/regular/1845187043/Intermediate/chr22_dadi_joint_sfs.fs, experiment/regular/1845187043/Intermediate/chr22_dadi_joint_sfs_with_nonvariant.fs
    output: experiment/regular/1845187043/Intermediate/fsc_analysis/IM_hum_jointDAFpop1_0.obs
    jobid: 6
    wildcards: model_mode=regular, seeds=1845187043

[Thu Aug  5 08:43:45 2021]
Finished job 6.
4 of 10 steps (40%) done
Select jobs to execute...

[Thu Aug  5 08:43:45 2021]
rule fsc_setup:
    input: experiment/regular/1845187043/Intermediate/fsc_analysis/IM_hum_jointDAFpop1_0.obs
    output: experiment/regular/1845187043/Intermediate/fsc_analysis/IM_hum.est, experiment/regular/1845187043/Intermediate/fsc_analysis/IM_hum.tpl
    jobid: 5
    wildcards: model_mode=regular, seeds=1845187043

[Thu Aug  5 08:43:46 2021]
Finished job 5.
5 of 10 steps (50%) done
Select jobs to execute...

[Thu Aug  5 08:43:46 2021]
rule run_fsc:
    input: experiment/regular/1845187043/Intermediate/fsc_analysis/IM_hum.tpl
    output: experiment/regular/1845187043/Intermediate/fsc_analysis/run10/IM_hum/IM_hum.bestlhoods
    jobid: 4
    wildcards: model_mode=regular, seeds=1845187043

[Thu Aug  5 10:20:02 2021]
Finished job 4.
6 of 10 steps (60%) done
Select jobs to execute...

[Thu Aug  5 10:20:03 2021]
rule get_fsc_output:
    input: experiment/regular/1845187043/Intermediate/fsc_analysis/run10/IM_hum/IM_hum.bestlhoods
    output: experiment/regular/1845187043/Intermediate/fsc_analysis/fsc_results_sorted.txt
    jobid: 3
    wildcards: model_mode=regular, seeds=1845187043

[Thu Aug  5 10:20:11 2021]
Finished job 3.
7 of 10 steps (70%) done
Select jobs to execute...

[Thu Aug  5 10:20:11 2021]
rule get_best_fsc_run:
    input: experiment/regular/1845187043/Intermediate/fsc_analysis/fsc_results_sorted.txt
    output: experiment/regular/1845187043/Results/best_fsc_run.txt
    jobid: 2
    wildcards: model_mode=regular, seeds=1845187043

[Thu Aug  5 10:20:15 2021]
Finished job 2.
8 of 10 steps (80%) done
Select jobs to execute...

[Thu Aug  5 10:20:15 2021]
rule plot_estimates:
    input: experiment/regular/1845187043/Results/best_fsc_run.txt
    output: experiment/regular/1845187043/Results/estimates_N_tdiv_fsc.png, experiment/regular/1845187043/Results/estimates_mig_fsc.png
    jobid: 1
    wildcards: model_mode=regular, seeds=1845187043

[Thu Aug  5 10:20:19 2021]
Finished job 1.
9 of 10 steps (90%) done
Select jobs to execute...

[Thu Aug  5 10:20:19 2021]
localrule all:
    input: experiment/regular/1845187043/Results/estimates_N_tdiv_fsc.png, experiment/regular/1845187043/Results/estimates_mig_fsc.png
    jobid: 0

[Thu Aug  5 10:20:19 2021]
Finished job 0.
10 of 10 steps (100%) done
Complete log: /code/src/analysis/snakefile_v1/04_checkNewRootPath/.snakemake/log/2021-08-05T084207.942070.snakemake.log
