Building DAG of jobs...
Using shell: /bin/bash
Provided cores: 1 (use --cores to define parallelism)
Rules claiming more threads will be scaled down.
Job counts:
	count	jobs
	1	all
	2	dadi_sfs_to_fsc
	1	download_genetic_map
	2	fsc_setup
	2	get_best_fsc_run
	2	get_fsc_output
	2	plot_estimates
	2	run_fsc
	2	simulation
	2	ts_to_dadi_sfs
	18
Select jobs to execute...

[Thu May 20 05:06:06 2021]
Job 9: Downloading default genetic map

[Thu May 20 05:06:57 2021]
Finished job 9.
1 of 18 steps (6%) done
Select jobs to execute...

[Thu May 20 05:06:57 2021]
rule simulation:
    input: .genetic_map_downloaded
    output: experiment/regular/1845187043/Intermediate/chr22.trees
    jobid: 8
    wildcards: model_mode=regular, seeds=1845187043

[Thu May 20 05:07:56 2021]
Finished job 8.
2 of 18 steps (11%) done
Select jobs to execute...

[Thu May 20 05:07:57 2021]
rule ts_to_dadi_sfs:
    input: experiment/regular/1845187043/Intermediate/chr22.trees
    output: experiment/regular/1845187043/Intermediate/chr22_dadi_joint_sfs.fs, experiment/regular/1845187043/Intermediate/chr22_dadi_joint_sfs_with_nonvariant.fs
    jobid: 7
    wildcards: model_mode=regular, seeds=1845187043

[Thu May 20 05:08:09 2021]
Finished job 7.
3 of 18 steps (17%) done
Select jobs to execute...

[Thu May 20 05:08:09 2021]
rule dadi_sfs_to_fsc:
    input: experiment/regular/1845187043/Intermediate/chr22_dadi_joint_sfs.fs, experiment/regular/1845187043/Intermediate/chr22_dadi_joint_sfs_with_nonvariant.fs
    output: experiment/regular/1845187043/Intermediate/fsc_analysis/IM_hum_jointDAFpop1_0.obs
    jobid: 6
    wildcards: model_mode=regular, seeds=1845187043

[Thu May 20 05:08:15 2021]
Finished job 6.
4 of 18 steps (22%) done
Select jobs to execute...

[Thu May 20 05:08:15 2021]
rule fsc_setup:
    input: experiment/regular/1845187043/Intermediate/fsc_analysis/IM_hum_jointDAFpop1_0.obs
    output: experiment/regular/1845187043/Intermediate/fsc_analysis/IM_hum.est, experiment/regular/1845187043/Intermediate/fsc_analysis/IM_hum.tpl
    jobid: 5
    wildcards: model_mode=regular, seeds=1845187043

[Thu May 20 05:08:15 2021]
Finished job 5.
5 of 18 steps (28%) done
Select jobs to execute...

[Thu May 20 05:08:15 2021]
rule simulation:
    input: .genetic_map_downloaded
    output: experiment/high/1845187043/Intermediate/chr22.trees
    jobid: 17
    wildcards: model_mode=high, seeds=1845187043

Shutting down, this might take some time.
Exiting because a job execution failed. Look above for error message
Complete log: /code/src/analysis/new_changer_check/.snakemake/log/2021-05-20T050602.142775.snakemake.log
