Building DAG of jobs...
Using shell: /bin/bash
Provided cores: 1 (use --cores to define parallelism)
Rules claiming more threads will be scaled down.
Job counts:
	count	jobs
	1	all
	1	compound_smcpp
	1	dadi_sfs_to_fsc
	10	fit_dadi_model_to_msprime_sfs
	1	fsc_setup
	1	get_best_dadi_fsc_runs
	1	get_dadi_fsc_output
	1	plot_estimates
	1	run_fsc
	1	run_smcpp
	1	simulation
	1	smcpp_plot
	1	ts_to_dadi_sfs
	1	ts_to_smc
	23

[Sat Nov 14 09:36:42 2020]
rule simulation:
    input: .genetic_map_downloaded
    output: test-config/Intermediate/1845187043/chr22.trees
    jobid: 6
    wildcards: seeds=1845187043, chrms=chr22

[Sat Nov 14 09:37:32 2020]
Finished job 6.
1 of 23 steps (4%) done

[Sat Nov 14 09:37:32 2020]
rule ts_to_dadi_sfs:
    input: test-config/Intermediate/1845187043/chr22.trees
    output: test-config/Intermediate/1845187043/chr22_dadi_joint_sfs.fs, test-config/Intermediate/1845187043/chr22_dadi_joint_sfs_with_nonvariant.fs
    jobid: 5
    wildcards: seeds=1845187043, chrms=chr22

[Sat Nov 14 09:37:41 2020]
Finished job 5.
2 of 23 steps (9%) done

[Sat Nov 14 09:37:41 2020]
rule dadi_sfs_to_fsc:
    input: test-config/Intermediate/1845187043/chr22_dadi_joint_sfs_with_nonvariant.fs
    output: test-config/Intermediate/1845187043/fsc_analysis/IM_hum_jointDAFpop1_0.obs
    jobid: 19
    wildcards: seeds=1845187043, demo_models=IM_hum

[Sat Nov 14 09:37:44 2020]
Finished job 19.
3 of 23 steps (13%) done

[Sat Nov 14 09:37:44 2020]
rule fit_dadi_model_to_msprime_sfs:
    input: test-config/Intermediate/1845187043/chr22_dadi_joint_sfs.fs
    output: test-config/Intermediate/1845187043/dadi_analysis/IM_fsc/model_fit_2438360421.pdf, test-config/Intermediate/1845187043/dadi_analysis/IM_fsc/model_params_2438360421.txt
    jobid: 14
    wildcards: seeds=1845187043, demo_models=IM_fsc, fit_seeds=2438360421

[Sat Nov 14 10:00:07 2020]
Finished job 14.
4 of 23 steps (17%) done

[Sat Nov 14 10:00:07 2020]
rule fit_dadi_model_to_msprime_sfs:
    input: test-config/Intermediate/1845187043/chr22_dadi_joint_sfs.fs
    output: test-config/Intermediate/1845187043/dadi_analysis/IM_fsc/model_fit_561383553.pdf, test-config/Intermediate/1845187043/dadi_analysis/IM_fsc/model_params_561383553.txt
    jobid: 9
    wildcards: seeds=1845187043, demo_models=IM_fsc, fit_seeds=561383553

Terminating processes on user request, this might take some time.
