Building DAG of jobs...
Using shell: /bin/bash
Provided cores: 1 (use --cores to define parallelism)
Rules claiming more threads will be scaled down.
Job counts:
	count	jobs
	1	all
	1	compound_smcpp
	1	dadi_sfs_to_fsc
	1	download_genetic_map
	10	fit_dadi_model_to_msprime_sfs
	1	fsc_setup
	1	get_best_dadi_fsc_runs
	1	get_dadi_fsc_output
	1	plot_estimates
	1	run_fsc
	1	run_smcpp
	1	simulation
	1	smcpp_plot
	1	ts_to_dadi_sfs
	1	ts_to_smc
	24

[Sat Nov 14 08:39:19 2020]
Job 7: Downloading default genetic map

[Sat Nov 14 08:39:52 2020]
Finished job 7.
1 of 24 steps (4%) done

[Sat Nov 14 08:39:52 2020]
rule simulation:
    input: .genetic_map_downloaded
    output: /code/src/simulations/kai-first/Intermediate/1845187043/chr22.trees
    jobid: 6
    wildcards: seeds=1845187043, chrms=chr22

[Sat Nov 14 08:40:39 2020]
Finished job 6.
2 of 24 steps (8%) done

[Sat Nov 14 08:40:39 2020]
rule ts_to_dadi_sfs:
    input: /code/src/simulations/kai-first/Intermediate/1845187043/chr22.trees
    output: /code/src/simulations/kai-first/Intermediate/1845187043/chr22_dadi_joint_sfs.fs, /code/src/simulations/kai-first/Intermediate/1845187043/chr22_dadi_joint_sfs_with_nonvariant.fs
    jobid: 5
    wildcards: seeds=1845187043, chrms=chr22

[Sat Nov 14 08:40:48 2020]
Finished job 5.
3 of 24 steps (12%) done

[Sat Nov 14 08:40:48 2020]
rule dadi_sfs_to_fsc:
    input: /code/src/simulations/kai-first/Intermediate/1845187043/chr22_dadi_joint_sfs_with_nonvariant.fs
    output: /code/src/simulations/kai-first/Intermediate/1845187043/fsc_analysis/IM_hum_jointDAFpop1_0.obs
    jobid: 19
    wildcards: seeds=1845187043, demo_model=IM_hum

Shutting down, this might take some time.
Exiting because a job execution failed. Look above for error message
Complete log: /code/src/analysis/two_population_analysis/.snakemake/log/2020-11-14T083916.649993.snakemake.log
