Building DAG of jobs...
Using shell: /bin/bash
Provided cores: 1 (use --cores to define parallelism)
Rules claiming more threads will be scaled down.
Job counts:
	count	jobs
	1	all
	1	dadi_sfs_to_fsc
	1	fsc_setup
	1	get_best_fsc_runs
	1	get_fsc_output
	1	plot_estimates
	1	run_fsc
	1	simulation
	1	ts_to_dadi_sfs
	9
Select jobs to execute...

[Mon Jan 25 06:59:30 2021]
rule simulation:
    input: .genetic_map_downloaded
    output: ex6/Intermediate/1845187043/chr22.trees
    jobid: 8
    wildcards: seeds=1845187043, chrms=chr22

[Mon Jan 25 07:00:08 2021]
Finished job 8.
1 of 9 steps (11%) done
Select jobs to execute...

[Mon Jan 25 07:00:08 2021]
rule ts_to_dadi_sfs:
    input: ex6/Intermediate/1845187043/chr22.trees
    output: ex6/Intermediate/1845187043/chr22_dadi_joint_sfs.fs, ex6/Intermediate/1845187043/chr22_dadi_joint_sfs_with_nonvariant.fs
    jobid: 7
    wildcards: seeds=1845187043, chrms=chr22

[Mon Jan 25 07:00:16 2021]
Finished job 7.
2 of 9 steps (22%) done
Select jobs to execute...

[Mon Jan 25 07:00:16 2021]
rule dadi_sfs_to_fsc:
    input: ex6/Intermediate/1845187043/chr22_dadi_joint_sfs_with_nonvariant.fs
    output: ex6/Intermediate/1845187043/fsc_analysis/IM_hum_jointDAFpop1_0.obs
    jobid: 6
    wildcards: seeds=1845187043, demo_model=IM_hum

[Mon Jan 25 07:00:18 2021]
Finished job 6.
3 of 9 steps (33%) done
Select jobs to execute...

[Mon Jan 25 07:00:18 2021]
rule fsc_setup:
    input: ex6/Intermediate/1845187043/fsc_analysis/IM_hum_jointDAFpop1_0.obs
    output: ex6/Intermediate/1845187043/fsc_analysis/IM_hum.est, ex6/Intermediate/1845187043/fsc_analysis/IM_hum.tpl
    jobid: 5
    wildcards: seeds=1845187043, demo_model=IM_hum

[Mon Jan 25 07:00:19 2021]
Finished job 5.
4 of 9 steps (44%) done
Select jobs to execute...

[Mon Jan 25 07:00:19 2021]
rule run_fsc:
    input: ex6/Intermediate/1845187043/fsc_analysis/IM_hum.tpl
    output: ex6/Intermediate/1845187043/fsc_analysis/run10/IM_hum/IM_hum.bestlhoods
    jobid: 4
    wildcards: seeds=1845187043, demo_model=IM_hum

[Mon Jan 25 08:20:24 2021]
Finished job 4.
5 of 9 steps (56%) done
Select jobs to execute...

[Mon Jan 25 08:20:25 2021]
rule get_fsc_output:
    input: ex6/Intermediate/1845187043/fsc_analysis/run10/IM_hum/IM_hum.bestlhoods
    output: ex6/Intermediate/1845187043/fsc_analysis/fsc_results_sorted.txt
    jobid: 3
    wildcards: seeds=1845187043

[Mon Jan 25 08:20:29 2021]
Finished job 3.
6 of 9 steps (67%) done
Select jobs to execute...

[Mon Jan 25 08:20:29 2021]
rule get_best_fsc_runs:
    input: ex6/Intermediate/1845187043/fsc_analysis/fsc_results_sorted.txt
    output: ex6/Results/best_fsc_runs.txt
    jobid: 2

[Mon Jan 25 08:20:32 2021]
Finished job 2.
7 of 9 steps (78%) done
Select jobs to execute...

[Mon Jan 25 08:20:32 2021]
rule plot_estimates:
    input: ex6/Results/best_fsc_runs.txt
    output: ex6/Results/estimates_N_tdiv_fsc.png, ex6/Results/estimates_mig_fsc.png
    jobid: 1

[Mon Jan 25 08:20:36 2021]
Finished job 1.
8 of 9 steps (89%) done
Select jobs to execute...

[Mon Jan 25 08:20:36 2021]
localrule all:
    input: ex6/Results/estimates_N_tdiv_fsc.png, ex6/Results/estimates_mig_fsc.png
    jobid: 0

[Mon Jan 25 08:20:36 2021]
Finished job 0.
9 of 9 steps (100%) done
Complete log: /code/src/analysis/two_pop_fsc26/.snakemake/log/2021-01-25T065928.266879.snakemake.log
