Building DAG of jobs...
Using shell: /bin/bash
Provided cores: 1 (use --cores to define parallelism)
Rules claiming more threads will be scaled down.
Job counts:
	count	jobs
	1	all
	1	get_best_fsc_runs
	1	get_fsc_output
	1	plot_estimates
	1	run_fsc
	5
Select jobs to execute...

[Mon Jan  4 19:11:58 2021]
rule run_fsc:
    input: ex2/Intermediate/1845187043/fsc_analysis/IM_hum.tpl
    output: ex2/Intermediate/1845187043/fsc_analysis/run10/IM_hum/IM_hum.bestlhoods
    jobid: 4
    wildcards: seeds=1845187043, demo_model=IM_hum

Waiting at most 5 seconds for missing files.
MissingOutputException in line 153 of /code/src/analysis/two_pop_fsc26/Snakefile:
Job Missing files after 5 seconds:
ex2/Intermediate/1845187043/fsc_analysis/run10/IM_hum/IM_hum.bestlhoods
This might be due to filesystem latency. If that is the case, consider to increase the wait time with --latency-wait.
Job id: 4 completed successfully, but some output files are missing. 4
  File "/opt/conda/envs/popsim_env_test/lib/python3.7/site-packages/snakemake/executors/__init__.py", line 581, in handle_job_success
  File "/opt/conda/envs/popsim_env_test/lib/python3.7/site-packages/snakemake/executors/__init__.py", line 259, in handle_job_success
Shutting down, this might take some time.
Exiting because a job execution failed. Look above for error message
Complete log: /code/src/analysis/two_pop_fsc26/.snakemake/log/2021-01-04T191154.006797.snakemake.log
