Building DAG of jobs...
Using shell: /bin/bash
Provided cores: 1 (use --cores to define parallelism)
Rules claiming more threads will be scaled down.
Job counts:
	count	jobs
	1	all
	1	dadi_sfs_to_fsc
	1	fsc_setup
	1	get_best_fsc_runs
	1	get_fsc_output
	1	plot_estimates
	1	run_fsc
	1	simulation
	1	ts_to_dadi_sfs
	9

[Thu Dec  3 12:49:18 2020]
rule simulation:
    input: .genetic_map_downloaded
    output: /code/src/simulations/two_pop_fsc26/Intermediate/1845187043/chr22.trees
    jobid: 8
    wildcards: seeds=1845187043, chrms=chr22

[Thu Dec  3 12:53:18 2020]
Finished job 8.
1 of 9 steps (11%) done

[Thu Dec  3 12:53:18 2020]
rule ts_to_dadi_sfs:
    input: /code/src/simulations/two_pop_fsc26/Intermediate/1845187043/chr22.trees
    output: /code/src/simulations/two_pop_fsc26/Intermediate/1845187043/chr22_dadi_joint_sfs.fs, /code/src/simulations/two_pop_fsc26/Intermediate/1845187043/chr22_dadi_joint_sfs_with_nonvariant.fs
    jobid: 7
    wildcards: seeds=1845187043, chrms=chr22

[Thu Dec  3 12:53:29 2020]
Finished job 7.
2 of 9 steps (22%) done

[Thu Dec  3 12:53:29 2020]
rule dadi_sfs_to_fsc:
    input: /code/src/simulations/two_pop_fsc26/Intermediate/1845187043/chr22_dadi_joint_sfs_with_nonvariant.fs
    output: /code/src/simulations/two_pop_fsc26/Intermediate/1845187043/fsc_analysis/IM_hum_jointDAFpop1_0.obs
    jobid: 6
    wildcards: seeds=1845187043, demo_model=IM_hum

Shutting down, this might take some time.
Exiting because a job execution failed. Look above for error message
Complete log: /code/src/analysis/two_pop_fsc26/.snakemake/log/2020-12-03T124916.004190.snakemake.log
