Building DAG of jobs...
File path /code/src/simulations/two_pop_fsc26//Results/estimates_N_tdiv_fsc.png contains double '/'. This is likely unintended. It can also lead to inconsistent results of the file-matching approach used by Snakemake.
File path /code/src/simulations/two_pop_fsc26//Results/estimates_mig_fsc.png contains double '/'. This is likely unintended. It can also lead to inconsistent results of the file-matching approach used by Snakemake.
File path /code/src/simulations/two_pop_fsc26//Results/best_fsc_runs.txt contains double '/'. This is likely unintended. It can also lead to inconsistent results of the file-matching approach used by Snakemake.
File path /code/src/simulations/two_pop_fsc26//Results/estimates_N_tdiv_fsc.png contains double '/'. This is likely unintended. It can also lead to inconsistent results of the file-matching approach used by Snakemake.
File path /code/src/simulations/two_pop_fsc26//Results/estimates_mig_fsc.png contains double '/'. This is likely unintended. It can also lead to inconsistent results of the file-matching approach used by Snakemake.
File path /code/src/simulations/two_pop_fsc26//Intermediate/1845187043/fsc_analysis/fsc_results_sorted.txt contains double '/'. This is likely unintended. It can also lead to inconsistent results of the file-matching approach used by Snakemake.
File path /code/src/simulations/two_pop_fsc26//Results/best_fsc_runs.txt contains double '/'. This is likely unintended. It can also lead to inconsistent results of the file-matching approach used by Snakemake.
File path /code/src/simulations/two_pop_fsc26//Intermediate/1845187043/fsc_analysis/run10/IM_hum/IM_hum.bestlhoods contains double '/'. This is likely unintended. It can also lead to inconsistent results of the file-matching approach used by Snakemake.
File path /code/src/simulations/two_pop_fsc26//Intermediate/1845187043/fsc_analysis/fsc_results_sorted.txt contains double '/'. This is likely unintended. It can also lead to inconsistent results of the file-matching approach used by Snakemake.
File path /code/src/simulations/two_pop_fsc26//Intermediate/1845187043/fsc_analysis/IM_hum.tpl contains double '/'. This is likely unintended. It can also lead to inconsistent results of the file-matching approach used by Snakemake.
File path /code/src/simulations/two_pop_fsc26//Intermediate/1845187043/fsc_analysis/run10/IM_hum/IM_hum.bestlhoods contains double '/'. This is likely unintended. It can also lead to inconsistent results of the file-matching approach used by Snakemake.
File path /code/src/simulations/two_pop_fsc26//Intermediate/1845187043/fsc_analysis/IM_hum_jointDAFpop1_0.obs contains double '/'. This is likely unintended. It can also lead to inconsistent results of the file-matching approach used by Snakemake.
File path /code/src/simulations/two_pop_fsc26//Intermediate/1845187043/fsc_analysis/IM_hum.est contains double '/'. This is likely unintended. It can also lead to inconsistent results of the file-matching approach used by Snakemake.
File path /code/src/simulations/two_pop_fsc26//Intermediate/1845187043/fsc_analysis/IM_hum.tpl contains double '/'. This is likely unintended. It can also lead to inconsistent results of the file-matching approach used by Snakemake.
File path /code/src/simulations/two_pop_fsc26//Intermediate/1845187043/chr22_dadi_joint_sfs_with_nonvariant.fs contains double '/'. This is likely unintended. It can also lead to inconsistent results of the file-matching approach used by Snakemake.
File path /code/src/simulations/two_pop_fsc26//Intermediate/1845187043/fsc_analysis/IM_hum_jointDAFpop1_0.obs contains double '/'. This is likely unintended. It can also lead to inconsistent results of the file-matching approach used by Snakemake.
File path /code/src/simulations/two_pop_fsc26//Intermediate/1845187043/chr22.trees contains double '/'. This is likely unintended. It can also lead to inconsistent results of the file-matching approach used by Snakemake.
File path /code/src/simulations/two_pop_fsc26//Intermediate/1845187043/chr22_dadi_joint_sfs.fs contains double '/'. This is likely unintended. It can also lead to inconsistent results of the file-matching approach used by Snakemake.
File path /code/src/simulations/two_pop_fsc26//Intermediate/1845187043/chr22_dadi_joint_sfs_with_nonvariant.fs contains double '/'. This is likely unintended. It can also lead to inconsistent results of the file-matching approach used by Snakemake.
File path /code/src/simulations/two_pop_fsc26//Intermediate/1845187043/chr22.trees contains double '/'. This is likely unintended. It can also lead to inconsistent results of the file-matching approach used by Snakemake.
