Building DAG of jobs...
Using shell: /bin/bash
Provided cores: 1 (use --cores to define parallelism)
Rules claiming more threads will be scaled down.
Job counts:
	count	jobs
	1	all
	1	dadi_sfs_to_fsc
	1	fsc_setup
	1	get_best_fsc_runs
	1	get_fsc_output
	1	plot_estimates
	1	run_fsc
	7

[Sat Dec  5 09:52:30 2020]
rule dadi_sfs_to_fsc:
    input: /code/src/simulations/two_pop_fsc26/Intermediate/1845187043/chr22_dadi_joint_sfs_with_nonvariant.fs
    output: /code/src/simulations/two_pop_fsc26/Intermediate/1845187043/fsc_analysis/IM_hum_jointDAFpop1_0.obs
    jobid: 6
    wildcards: seeds=1845187043, demo_model=IM_hum

[Sat Dec  5 09:52:34 2020]
Finished job 6.
1 of 7 steps (14%) done

[Sat Dec  5 09:52:34 2020]
rule fsc_setup:
    input: /code/src/simulations/two_pop_fsc26/Intermediate/1845187043/fsc_analysis/IM_hum_jointDAFpop1_0.obs
    output: /code/src/simulations/two_pop_fsc26/Intermediate/1845187043/fsc_analysis/IM_hum.est, /code/src/simulations/two_pop_fsc26/Intermediate/1845187043/fsc_analysis/IM_hum.tpl
    jobid: 5
    wildcards: seeds=1845187043, demo_model=IM_hum

[Sat Dec  5 09:52:35 2020]
Finished job 5.
2 of 7 steps (29%) done

[Sat Dec  5 09:52:35 2020]
rule run_fsc:
    input: /code/src/simulations/two_pop_fsc26/Intermediate/1845187043/fsc_analysis/IM_hum.tpl
    output: /code/src/simulations/two_pop_fsc26/Intermediate/1845187043/fsc_analysis/run10/IM_hum/IM_hum.bestlhoods
    jobid: 4
    wildcards: seeds=1845187043, demo_model=IM_hum

[Sun Dec  6 07:02:36 2020]
Finished job 4.
3 of 7 steps (43%) done

[Sun Dec  6 07:02:37 2020]
rule get_fsc_output:
    input: /code/src/simulations/two_pop_fsc26/Intermediate/1845187043/fsc_analysis/run10/IM_hum/IM_hum.bestlhoods
    output: /code/src/simulations/two_pop_fsc26/Intermediate/1845187043/fsc_analysis/fsc_results_sorted.txt
    jobid: 3
    wildcards: seeds=1845187043

[Sun Dec  6 07:02:45 2020]
Finished job 3.
4 of 7 steps (57%) done

[Sun Dec  6 07:02:45 2020]
rule get_best_fsc_runs:
    input: /code/src/simulations/two_pop_fsc26/Intermediate/1845187043/fsc_analysis/fsc_results_sorted.txt
    output: /code/src/simulations/two_pop_fsc26/Results/best_fsc_runs.txt
    jobid: 2

[Sun Dec  6 07:02:52 2020]
Finished job 2.
5 of 7 steps (71%) done

[Sun Dec  6 07:02:52 2020]
rule plot_estimates:
    input: /code/src/simulations/two_pop_fsc26/Results/best_fsc_runs.txt
    output: /code/src/simulations/two_pop_fsc26/Results/estimates_N_tdiv_fsc.png, /code/src/simulations/two_pop_fsc26/Results/estimates_mig_fsc.png
    jobid: 1

Shutting down, this might take some time.
Exiting because a job execution failed. Look above for error message
Complete log: /code/src/analysis/two_pop_fsc26/.snakemake/log/2020-12-05T095225.097480.snakemake.log
