Building DAG of jobs...
Using shell: /bin/bash
Provided cores: 1 (use --cores to define parallelism)
Rules claiming more threads will be scaled down.
Job counts:
	count	jobs
	1	all
	1	dadi_sfs_to_fsc
	1	fsc_setup
	1	get_best_fsc_runs
	1	get_fsc_output
	1	plot_estimates
	1	run_fsc
	7

[Thu Dec  3 12:57:30 2020]
rule dadi_sfs_to_fsc:
    input: /code/src/simulations/two_pop_fsc26/Intermediate/1845187043/chr22_dadi_joint_sfs_with_nonvariant.fs
    output: /code/src/simulations/two_pop_fsc26/Intermediate/1845187043/fsc_analysis/IM_hum_jointDAFpop1_0.obs
    jobid: 6
    wildcards: seeds=1845187043, demo_model=IM_hum

Shutting down, this might take some time.
Exiting because a job execution failed. Look above for error message
Complete log: /code/src/analysis/two_pop_fsc26/.snakemake/log/2020-12-03T125728.623647.snakemake.log
