Building DAG of jobs...
Using shell: /bin/bash
Provided cores: 1 (use --cores to define parallelism)
Rules claiming more threads will be scaled down.
Job counts:
	count	jobs
	1	all
	1	plot_estimates
	2

[Sun Dec 13 12:37:11 2020]
rule plot_estimates:
    input: /code/src/simulations/two_pop_fsc26/Results/best_fsc_runs.txt
    output: /code/src/simulations/two_pop_fsc26/Results/estimates_N_tdiv_fsc.png, /code/src/simulations/two_pop_fsc26/Results/estimates_mig_fsc.png
    jobid: 1

[Sun Dec 13 12:37:17 2020]
Finished job 1.
1 of 2 steps (50%) done

[Sun Dec 13 12:37:17 2020]
localrule all:
    input: /code/src/simulations/two_pop_fsc26/Results/estimates_N_tdiv_fsc.png, /code/src/simulations/two_pop_fsc26/Results/estimates_mig_fsc.png
    jobid: 0

[Sun Dec 13 12:37:17 2020]
Finished job 0.
2 of 2 steps (100%) done
Complete log: /code/src/analysis/two_pop_fsc26/.snakemake/log/2020-12-13T123705.303790.snakemake.log
