Building DAG of jobs...
Job counts:
	count	jobs
	1	all
	1	dadi_sfs_to_fsc
	1	fsc_setup
	1	get_best_fsc_runs
	1	get_fsc_output
	1	plot_estimates
	1	run_fsc
	1	simulation
	1	ts_to_dadi_sfs
	9

[Sun Jan 10 09:54:54 2021]
rule simulation:
    input: .genetic_map_downloaded
    output: ex2/Intermediate/1845187043/chr22.trees
    jobid: 8
    reason: Missing output files: ex2/Intermediate/1845187043/chr22.trees
    wildcards: seeds=1845187043, chrms=chr22

[Sun Jan 10 09:54:54 2021]
rule ts_to_dadi_sfs:
    input: ex2/Intermediate/1845187043/chr22.trees
    output: ex2/Intermediate/1845187043/chr22_dadi_joint_sfs.fs, ex2/Intermediate/1845187043/chr22_dadi_joint_sfs_with_nonvariant.fs
    jobid: 7
    reason: Missing output files: ex2/Intermediate/1845187043/chr22_dadi_joint_sfs_with_nonvariant.fs; Input files updated by another job: ex2/Intermediate/1845187043/chr22.trees
    wildcards: seeds=1845187043, chrms=chr22

[Sun Jan 10 09:54:54 2021]
rule dadi_sfs_to_fsc:
    input: ex2/Intermediate/1845187043/chr22_dadi_joint_sfs_with_nonvariant.fs
    output: ex2/Intermediate/1845187043/fsc_analysis/IM_hum_jointDAFpop1_0.obs
    jobid: 6
    reason: Missing output files: ex2/Intermediate/1845187043/fsc_analysis/IM_hum_jointDAFpop1_0.obs; Input files updated by another job: ex2/Intermediate/1845187043/chr22_dadi_joint_sfs_with_nonvariant.fs
    wildcards: seeds=1845187043, demo_model=IM_hum

[Sun Jan 10 09:54:54 2021]
rule fsc_setup:
    input: ex2/Intermediate/1845187043/fsc_analysis/IM_hum_jointDAFpop1_0.obs
    output: ex2/Intermediate/1845187043/fsc_analysis/IM_hum.est, ex2/Intermediate/1845187043/fsc_analysis/IM_hum.tpl
    jobid: 5
    reason: Missing output files: ex2/Intermediate/1845187043/fsc_analysis/IM_hum.tpl; Input files updated by another job: ex2/Intermediate/1845187043/fsc_analysis/IM_hum_jointDAFpop1_0.obs
    wildcards: seeds=1845187043, demo_model=IM_hum

RuleException in line 145 of /code/src/analysis/two_pop_fsc26/Snakefile2:
'Wildcards' object has no attribute 'mathods_dir_path'
  File "/opt/conda/envs/popsim_env_test/lib/python3.7/site-packages/snakemake/executors/__init__.py", line 140, in run_jobs
  File "/opt/conda/envs/popsim_env_test/lib/python3.7/site-packages/snakemake/executors/__init__.py", line 145, in run
  File "/opt/conda/envs/popsim_env_test/lib/python3.7/site-packages/snakemake/executors/__init__.py", line 156, in _run
  File "/opt/conda/envs/popsim_env_test/lib/python3.7/site-packages/snakemake/executors/__init__.py", line 176, in printjob
  File "/opt/conda/envs/popsim_env_test/lib/python3.7/site-packages/snakemake/executors/__init__.py", line 162, in printjob
