Building DAG of jobs...
Using shell: /bin/bash
Provided cores: 1 (use --cores to define parallelism)
Rules claiming more threads will be scaled down.
Job counts:
	count	jobs
	1	all
	1	fsc_setup
	1	get_best_fsc_runs
	1	get_fsc_output
	1	plot_estimates
	1	run_fsc
	6
Select jobs to execute...

[Fri Jan  1 10:13:26 2021]
rule fsc_setup:
    input: ex2/Intermediate/1845187043/fsc_analysis/IM_hum_jointDAFpop1_0.obs
    output: ex2/Intermediate/1845187043/fsc_analysis/IM_hum.est, ex2/Intermediate/1845187043/fsc_analysis/IM_hum.tpl
    jobid: 5
    wildcards: seeds=1845187043, demo_model=IM_hum

[Fri Jan  1 10:13:26 2021]
Error in rule fsc_setup:
    jobid: 5
    output: ex2/Intermediate/1845187043/fsc_analysis/IM_hum.est, ex2/Intermediate/1845187043/fsc_analysis/IM_hum.tpl
    shell:
        pwd > /code/src/pwd.txt && 			cp ../fsc_files/IM_hum.est ex2/Intermediate/1845187043/fsc_analysis/IM_hum.est &&             cp ../fsc_files/IM_hum.tpl ex2/Intermediate/1845187043/fsc_analysis/IM_hum.tpl &&             sed -i.bak 's/SAMPLE_SIZE/10/' ex2/Intermediate/1845187043/fsc_analysis/IM_hum.tpl && rm ex2/Intermediate/1845187043/fsc_analysis/IM_hum.tpl.bak &&            cd /code/src/methods/fsc26/ && chmod +x fsc26
        (one of the commands exited with non-zero exit code; note that snakemake uses bash strict mode!)

Shutting down, this might take some time.
Exiting because a job execution failed. Look above for error message
Complete log: /code/src/analysis/two_pop_fsc26/.snakemake/log/2021-01-01T101322.820922.snakemake.log
