Building DAG of jobs...
Using shell: /bin/bash
Provided cores: 1 (use --cores to define parallelism)
Rules claiming more threads will be scaled down.
Job counts:
	count	jobs
	1	all
	1	get_best_fsc_runs
	1	plot_estimates
	3
Select jobs to execute...

[Tue Jan 19 06:19:55 2021]
rule get_best_fsc_runs:
    input: ex3/Intermediate/1845187043/fsc_analysis/fsc_results_sorted.txt
    output: ex3/Results/best_fsc_runs.txt
    jobid: 2

[Tue Jan 19 06:19:58 2021]
Finished job 2.
1 of 3 steps (33%) done
Select jobs to execute...

[Tue Jan 19 06:19:58 2021]
rule plot_estimates:
    input: ex3/Results/best_fsc_runs.txt
    output: ex3/Results/estimates_N_tdiv_fsc.png, ex3/Results/estimates_mig_fsc.png
    jobid: 1

[Tue Jan 19 06:20:05 2021]
Finished job 1.
2 of 3 steps (67%) done
Select jobs to execute...

[Tue Jan 19 06:20:05 2021]
localrule all:
    input: ex3/Results/estimates_N_tdiv_fsc.png, ex3/Results/estimates_mig_fsc.png
    jobid: 0

[Tue Jan 19 06:20:05 2021]
Finished job 0.
3 of 3 steps (100%) done
Complete log: /code/src/analysis/two_pop_fsc26/.snakemake/log/2021-01-19T061952.411909.snakemake.log
