Building DAG of jobs...
Using shell: /bin/bash
Provided cores: 1 (use --cores to define parallelism)
Rules claiming more threads will be scaled down.
Job counts:
	count	jobs
	1	all
	2	dadi_sfs_to_fsc
	2	fsc_setup
	2	get_best_fsc_run
	2	get_fsc_output
	2	plot_estimates
	2	run_fsc
	2	simulation
	2	ts_to_dadi_sfs
	17
Select jobs to execute...

[Sun May 23 06:24:08 2021]
rule simulation:
    input: .genetic_map_downloaded
    output: experiment/regular/1845187043/Intermediate/chr22.trees
    jobid: 8
    wildcards: model_mode=regular, seeds=1845187043

[Sun May 23 06:25:02 2021]
Finished job 8.
1 of 17 steps (6%) done
Select jobs to execute...

[Sun May 23 06:25:02 2021]
rule ts_to_dadi_sfs:
    input: experiment/regular/1845187043/Intermediate/chr22.trees
    output: experiment/regular/1845187043/Intermediate/chr22_dadi_joint_sfs.fs, experiment/regular/1845187043/Intermediate/chr22_dadi_joint_sfs_with_nonvariant.fs
    jobid: 7
    wildcards: model_mode=regular, seeds=1845187043

[Sun May 23 06:25:10 2021]
Finished job 7.
2 of 17 steps (12%) done
Select jobs to execute...

[Sun May 23 06:25:10 2021]
rule dadi_sfs_to_fsc:
    input: experiment/regular/1845187043/Intermediate/chr22_dadi_joint_sfs.fs, experiment/regular/1845187043/Intermediate/chr22_dadi_joint_sfs_with_nonvariant.fs
    output: experiment/regular/1845187043/Intermediate/fsc_analysis/IM_hum_jointDAFpop1_0.obs
    jobid: 6
    wildcards: model_mode=regular, seeds=1845187043

[Sun May 23 06:25:14 2021]
Finished job 6.
3 of 17 steps (18%) done
Select jobs to execute...

[Sun May 23 06:25:14 2021]
rule fsc_setup:
    input: experiment/regular/1845187043/Intermediate/fsc_analysis/IM_hum_jointDAFpop1_0.obs
    output: experiment/regular/1845187043/Intermediate/fsc_analysis/IM_hum.est, experiment/regular/1845187043/Intermediate/fsc_analysis/IM_hum.tpl
    jobid: 5
    wildcards: model_mode=regular, seeds=1845187043

[Sun May 23 06:25:15 2021]
Finished job 5.
4 of 17 steps (24%) done
Select jobs to execute...

[Sun May 23 06:25:15 2021]
rule simulation:
    input: .genetic_map_downloaded
    output: experiment/high/1845187043/Intermediate/chr22.trees
    jobid: 17
    wildcards: model_mode=high, seeds=1845187043

[Sun May 23 06:25:57 2021]
Finished job 17.
5 of 17 steps (29%) done
Select jobs to execute...

[Sun May 23 06:25:57 2021]
rule ts_to_dadi_sfs:
    input: experiment/high/1845187043/Intermediate/chr22.trees
    output: experiment/high/1845187043/Intermediate/chr22_dadi_joint_sfs.fs, experiment/high/1845187043/Intermediate/chr22_dadi_joint_sfs_with_nonvariant.fs
    jobid: 16
    wildcards: model_mode=high, seeds=1845187043

[Sun May 23 06:26:05 2021]
Finished job 16.
6 of 17 steps (35%) done
Select jobs to execute...

[Sun May 23 06:26:05 2021]
rule dadi_sfs_to_fsc:
    input: experiment/high/1845187043/Intermediate/chr22_dadi_joint_sfs.fs, experiment/high/1845187043/Intermediate/chr22_dadi_joint_sfs_with_nonvariant.fs
    output: experiment/high/1845187043/Intermediate/fsc_analysis/IM_hum_jointDAFpop1_0.obs
    jobid: 15
    wildcards: model_mode=high, seeds=1845187043

[Sun May 23 06:26:09 2021]
Finished job 15.
7 of 17 steps (41%) done
Select jobs to execute...

[Sun May 23 06:26:09 2021]
rule fsc_setup:
    input: experiment/high/1845187043/Intermediate/fsc_analysis/IM_hum_jointDAFpop1_0.obs
    output: experiment/high/1845187043/Intermediate/fsc_analysis/IM_hum.est, experiment/high/1845187043/Intermediate/fsc_analysis/IM_hum.tpl
    jobid: 14
    wildcards: model_mode=high, seeds=1845187043

[Sun May 23 06:26:09 2021]
Finished job 14.
8 of 17 steps (47%) done
Select jobs to execute...

[Sun May 23 06:26:09 2021]
rule run_fsc:
    input: experiment/high/1845187043/Intermediate/fsc_analysis/IM_hum.tpl
    output: experiment/high/1845187043/Intermediate/fsc_analysis/run10/IM_hum/IM_hum.bestlhoods
    jobid: 13
    wildcards: model_mode=high, seeds=1845187043

[Sun May 23 07:46:28 2021]
Finished job 13.
9 of 17 steps (53%) done
Select jobs to execute...

[Sun May 23 07:46:28 2021]
rule run_fsc:
    input: experiment/regular/1845187043/Intermediate/fsc_analysis/IM_hum.tpl
    output: experiment/regular/1845187043/Intermediate/fsc_analysis/run10/IM_hum/IM_hum.bestlhoods
    jobid: 4
    wildcards: model_mode=regular, seeds=1845187043

[Sun May 23 17:38:09 2021]
Finished job 4.
10 of 17 steps (59%) done
Select jobs to execute...

[Sun May 23 17:38:09 2021]
rule get_fsc_output:
    input: experiment/regular/1845187043/Intermediate/fsc_analysis/run10/IM_hum/IM_hum.bestlhoods
    output: experiment/regular/1845187043/Intermediate/fsc_analysis/fsc_results_sorted.txt
    jobid: 3
    wildcards: model_mode=regular, seeds=1845187043

[Sun May 23 17:38:15 2021]
Finished job 3.
11 of 17 steps (65%) done
Select jobs to execute...

[Sun May 23 17:38:15 2021]
rule get_best_fsc_run:
    input: experiment/regular/1845187043/Intermediate/fsc_analysis/fsc_results_sorted.txt
    output: experiment/regular/1845187043/Results/best_fsc_run.txt
    jobid: 2
    wildcards: model_mode=regular, seeds=1845187043

[Sun May 23 17:38:20 2021]
Finished job 2.
12 of 17 steps (71%) done
Select jobs to execute...

[Sun May 23 17:38:20 2021]
rule plot_estimates:
    input: experiment/regular/1845187043/Results/best_fsc_run.txt
    output: experiment/regular/1845187043/Results/estimates_N_tdiv_fsc.png, experiment/regular/1845187043/Results/estimates_mig_fsc.png
    jobid: 1
    wildcards: model_mode=regular, seeds=1845187043

[Sun May 23 17:38:26 2021]
Finished job 1.
13 of 17 steps (76%) done
Select jobs to execute...

[Sun May 23 17:38:26 2021]
rule get_fsc_output:
    input: experiment/high/1845187043/Intermediate/fsc_analysis/run10/IM_hum/IM_hum.bestlhoods
    output: experiment/high/1845187043/Intermediate/fsc_analysis/fsc_results_sorted.txt
    jobid: 12
    wildcards: model_mode=high, seeds=1845187043

[Sun May 23 17:38:29 2021]
Finished job 12.
14 of 17 steps (82%) done
Select jobs to execute...

[Sun May 23 17:38:29 2021]
rule get_best_fsc_run:
    input: experiment/high/1845187043/Intermediate/fsc_analysis/fsc_results_sorted.txt
    output: experiment/high/1845187043/Results/best_fsc_run.txt
    jobid: 11
    wildcards: model_mode=high, seeds=1845187043

[Sun May 23 17:38:33 2021]
Finished job 11.
15 of 17 steps (88%) done
Select jobs to execute...

[Sun May 23 17:38:33 2021]
rule plot_estimates:
    input: experiment/high/1845187043/Results/best_fsc_run.txt
    output: experiment/high/1845187043/Results/estimates_N_tdiv_fsc.png, experiment/high/1845187043/Results/estimates_mig_fsc.png
    jobid: 10
    wildcards: model_mode=high, seeds=1845187043

Shutting down, this might take some time.
Exiting because a job execution failed. Look above for error message
Complete log: /code/src/analysis/new_changer_check/.snakemake/log/2021-05-23T062405.937882.snakemake.log
