Building DAG of jobs...
Using shell: /bin/bash
Provided cores: 1 (use --cores to define parallelism)
Rules claiming more threads will be scaled down.
Job counts:
	count	jobs
	1	all
	9	dadi_sfs_to_fsc
	1	download_genetic_map
	90	fit_dadi_model_to_msprime_sfs
	9	fsc_setup
	9	get_best_dadi_fsc_runs
	9	get_dadi_fsc_output
	9	plot_estimates
	9	run_fsc
	9	simulation
	9	ts_to_dadi_sfs
	164
Select jobs to execute...

[Fri Apr  9 06:36:57 2021]
Job 7: Downloading default genetic map

[Fri Apr  9 06:37:30 2021]
Finished job 7.
1 of 164 steps (0.61%) done
Select jobs to execute...

[Fri Apr  9 06:37:30 2021]
rule simulation:
    input: .genetic_map_downloaded
    output: experiment/reg/1358822686/Intermediate/chr22.trees
    jobid: 11
    wildcards: model_mode=reg, seeds=1358822686, chrms=chr22

[Fri Apr  9 06:38:11 2021]
Finished job 11.
2 of 164 steps (1%) done
Select jobs to execute...

[Fri Apr  9 06:38:11 2021]
rule simulation:
    input: .genetic_map_downloaded
    output: experiment/low/1358822686/Intermediate/chr22.trees
    jobid: 23
    wildcards: model_mode=low, seeds=1358822686, chrms=chr22

[Fri Apr  9 06:38:55 2021]
Finished job 23.
3 of 164 steps (2%) done
Select jobs to execute...

[Fri Apr  9 06:38:55 2021]
rule simulation:
    input: .genetic_map_downloaded
    output: experiment/reg/1675701734/Intermediate/chr22.trees
    jobid: 9
    wildcards: model_mode=reg, seeds=1675701734, chrms=chr22

[Fri Apr  9 06:39:36 2021]
Finished job 9.
4 of 164 steps (2%) done
Select jobs to execute...

[Fri Apr  9 06:39:36 2021]
rule simulation:
    input: .genetic_map_downloaded
    output: experiment/low/1675701734/Intermediate/chr22.trees
    jobid: 21
    wildcards: model_mode=low, seeds=1675701734, chrms=chr22

[Fri Apr  9 06:40:18 2021]
Finished job 21.
5 of 164 steps (3%) done
Select jobs to execute...

[Fri Apr  9 06:40:18 2021]
rule simulation:
    input: .genetic_map_downloaded
    output: experiment/low/1845187043/Intermediate/chr22.trees
    jobid: 19
    wildcards: model_mode=low, seeds=1845187043, chrms=chr22

[Fri Apr  9 06:41:01 2021]
Finished job 19.
6 of 164 steps (4%) done
Select jobs to execute...

[Fri Apr  9 06:41:01 2021]
rule simulation:
    input: .genetic_map_downloaded
    output: experiment/high/1358822686/Intermediate/chr22.trees
    jobid: 17
    wildcards: model_mode=high, seeds=1358822686, chrms=chr22

[Fri Apr  9 06:41:44 2021]
Finished job 17.
7 of 164 steps (4%) done
Select jobs to execute...

[Fri Apr  9 06:41:44 2021]
rule ts_to_dadi_sfs:
    input: experiment/reg/1358822686/Intermediate/chr22.trees
    output: experiment/reg/1358822686/Intermediate/chr22_dadi_joint_sfs.fs, experiment/reg/1358822686/Intermediate/chr22_dadi_joint_sfs_with_nonvariant.fs
    jobid: 10
    wildcards: model_mode=reg, seeds=1358822686, chrms=chr22

[Fri Apr  9 06:41:53 2021]
Finished job 10.
8 of 164 steps (5%) done
Select jobs to execute...

[Fri Apr  9 06:41:53 2021]
rule ts_to_dadi_sfs:
    input: experiment/reg/1675701734/Intermediate/chr22.trees
    output: experiment/reg/1675701734/Intermediate/chr22_dadi_joint_sfs.fs, experiment/reg/1675701734/Intermediate/chr22_dadi_joint_sfs_with_nonvariant.fs
    jobid: 8
    wildcards: model_mode=reg, seeds=1675701734, chrms=chr22

[Fri Apr  9 06:42:01 2021]
Finished job 8.
9 of 164 steps (5%) done
Select jobs to execute...

[Fri Apr  9 06:42:01 2021]
rule ts_to_dadi_sfs:
    input: experiment/low/1358822686/Intermediate/chr22.trees
    output: experiment/low/1358822686/Intermediate/chr22_dadi_joint_sfs.fs, experiment/low/1358822686/Intermediate/chr22_dadi_joint_sfs_with_nonvariant.fs
    jobid: 22
    wildcards: model_mode=low, seeds=1358822686, chrms=chr22

[Fri Apr  9 06:42:10 2021]
Finished job 22.
10 of 164 steps (6%) done
Select jobs to execute...

[Fri Apr  9 06:42:10 2021]
rule ts_to_dadi_sfs:
    input: experiment/low/1675701734/Intermediate/chr22.trees
    output: experiment/low/1675701734/Intermediate/chr22_dadi_joint_sfs.fs, experiment/low/1675701734/Intermediate/chr22_dadi_joint_sfs_with_nonvariant.fs
    jobid: 20
    wildcards: model_mode=low, seeds=1675701734, chrms=chr22

[Fri Apr  9 06:42:17 2021]
Finished job 20.
11 of 164 steps (7%) done
Select jobs to execute...

[Fri Apr  9 06:42:17 2021]
rule simulation:
    input: .genetic_map_downloaded
    output: experiment/reg/1845187043/Intermediate/chr22.trees
    jobid: 6
    wildcards: model_mode=reg, seeds=1845187043, chrms=chr22

[Fri Apr  9 06:42:57 2021]
Finished job 6.
12 of 164 steps (7%) done
Select jobs to execute...

[Fri Apr  9 06:42:57 2021]
rule ts_to_dadi_sfs:
    input: experiment/reg/1845187043/Intermediate/chr22.trees
    output: experiment/reg/1845187043/Intermediate/chr22_dadi_joint_sfs.fs, experiment/reg/1845187043/Intermediate/chr22_dadi_joint_sfs_with_nonvariant.fs
    jobid: 5
    wildcards: model_mode=reg, seeds=1845187043, chrms=chr22

[Fri Apr  9 06:43:05 2021]
Finished job 5.
13 of 164 steps (8%) done
Select jobs to execute...

[Fri Apr  9 06:43:05 2021]
rule ts_to_dadi_sfs:
    input: experiment/low/1845187043/Intermediate/chr22.trees
    output: experiment/low/1845187043/Intermediate/chr22_dadi_joint_sfs.fs, experiment/low/1845187043/Intermediate/chr22_dadi_joint_sfs_with_nonvariant.fs
    jobid: 18
    wildcards: model_mode=low, seeds=1845187043, chrms=chr22

[Fri Apr  9 06:43:14 2021]
Finished job 18.
14 of 164 steps (9%) done
Select jobs to execute...

[Fri Apr  9 06:43:14 2021]
rule ts_to_dadi_sfs:
    input: experiment/high/1358822686/Intermediate/chr22.trees
    output: experiment/high/1358822686/Intermediate/chr22_dadi_joint_sfs.fs, experiment/high/1358822686/Intermediate/chr22_dadi_joint_sfs_with_nonvariant.fs
    jobid: 16
    wildcards: model_mode=high, seeds=1358822686, chrms=chr22

[Fri Apr  9 06:43:22 2021]
Finished job 16.
15 of 164 steps (9%) done
Select jobs to execute...

[Fri Apr  9 06:43:22 2021]
rule simulation:
    input: .genetic_map_downloaded
    output: experiment/high/1845187043/Intermediate/chr22.trees
    jobid: 13
    wildcards: model_mode=high, seeds=1845187043, chrms=chr22

[Fri Apr  9 06:44:17 2021]
Finished job 13.
16 of 164 steps (10%) done
Select jobs to execute...

[Fri Apr  9 06:44:17 2021]
rule simulation:
    input: .genetic_map_downloaded
    output: experiment/high/1675701734/Intermediate/chr22.trees
    jobid: 15
    wildcards: model_mode=high, seeds=1675701734, chrms=chr22

[Fri Apr  9 06:45:13 2021]
Finished job 15.
17 of 164 steps (10%) done
Select jobs to execute...

[Fri Apr  9 06:45:13 2021]
rule ts_to_dadi_sfs:
    input: experiment/high/1675701734/Intermediate/chr22.trees
    output: experiment/high/1675701734/Intermediate/chr22_dadi_joint_sfs.fs, experiment/high/1675701734/Intermediate/chr22_dadi_joint_sfs_with_nonvariant.fs
    jobid: 14
    wildcards: model_mode=high, seeds=1675701734, chrms=chr22

[Fri Apr  9 06:45:24 2021]
Finished job 14.
18 of 164 steps (11%) done
Select jobs to execute...

[Fri Apr  9 06:45:24 2021]
rule ts_to_dadi_sfs:
    input: experiment/high/1845187043/Intermediate/chr22.trees
    output: experiment/high/1845187043/Intermediate/chr22_dadi_joint_sfs.fs, experiment/high/1845187043/Intermediate/chr22_dadi_joint_sfs_with_nonvariant.fs
    jobid: 12
    wildcards: model_mode=high, seeds=1845187043, chrms=chr22

[Fri Apr  9 06:45:35 2021]
Finished job 12.
19 of 164 steps (12%) done
Select jobs to execute...

[Fri Apr  9 06:45:35 2021]
rule fit_dadi_model_to_msprime_sfs:
    input: experiment/reg/1845187043/Intermediate/chr22_dadi_joint_sfs.fs, experiment/reg/1675701734/Intermediate/chr22_dadi_joint_sfs.fs, experiment/reg/1358822686/Intermediate/chr22_dadi_joint_sfs.fs, experiment/high/1845187043/Intermediate/chr22_dadi_joint_sfs.fs, experiment/high/1675701734/Intermediate/chr22_dadi_joint_sfs.fs, experiment/high/1358822686/Intermediate/chr22_dadi_joint_sfs.fs, experiment/low/1845187043/Intermediate/chr22_dadi_joint_sfs.fs, experiment/low/1675701734/Intermediate/chr22_dadi_joint_sfs.fs, experiment/low/1358822686/Intermediate/chr22_dadi_joint_sfs.fs
    output: experiment/high/1845187043/Intermediate/dadi_analysis/IM_fsc/model_fit_4107320065.pdf, experiment/high/1845187043/Intermediate/dadi_analysis/IM_fsc/model_params_4107320065.txt
    jobid: 77
    wildcards: model_mode=high, seeds=1845187043, demo_models=IM_fsc, fit_seeds=4107320065

Shutting down, this might take some time.
Exiting because a job execution failed. Look above for error message
Complete log: /code/src/analysis/2pop_fsc_dadi_3x3/.snakemake/log/2021-04-09T063654.151941.snakemake.log
