Building DAG of jobs...
Using shell: /bin/bash
Provided cores: 1 (use --cores to define parallelism)
Rules claiming more threads will be scaled down.
Job counts:
	count	jobs
	1	all
	1	get_best_fsc_runs
	1	get_fsc_output
	1	plot_estimates
	1	run_fsc
	5
Select jobs to execute...

[Tue Jan  5 18:50:59 2021]
rule run_fsc:
    input: ex2/Intermediate/1845187043/fsc_analysis/IM_hum.tpl
    output: ex2/Intermediate/1845187043/fsc_analysis/run10/IM_hum/IM_hum.bestlhoods
    jobid: 4
    wildcards: seeds=1845187043, demo_model=IM_hum

[Tue Jan  5 20:22:16 2021]
Finished job 4.
1 of 5 steps (20%) done
Select jobs to execute...

[Tue Jan  5 20:22:16 2021]
rule get_fsc_output:
    input: ex2/Intermediate/1845187043/fsc_analysis/run10/IM_hum/IM_hum.bestlhoods
    output: ex2/Intermediate/1845187043/fsc_analysis/fsc_results_sorted.txt
    jobid: 3
    wildcards: seeds=1845187043

[Tue Jan  5 20:22:20 2021]
Finished job 3.
2 of 5 steps (40%) done
Select jobs to execute...

[Tue Jan  5 20:22:20 2021]
rule get_best_fsc_runs:
    input: ex2/Intermediate/1845187043/fsc_analysis/fsc_results_sorted.txt
    output: ex2/Results/best_fsc_runs.txt
    jobid: 2

[Tue Jan  5 20:22:23 2021]
Finished job 2.
3 of 5 steps (60%) done
Select jobs to execute...

[Tue Jan  5 20:22:23 2021]
rule plot_estimates:
    input: ex2/Results/best_fsc_runs.txt
    output: ex2/Results/estimates_N_tdiv_fsc.png, ex2/Results/estimates_mig_fsc.png
    jobid: 1

[Tue Jan  5 20:22:27 2021]
Finished job 1.
4 of 5 steps (80%) done
Select jobs to execute...

[Tue Jan  5 20:22:27 2021]
localrule all:
    input: ex2/Results/estimates_N_tdiv_fsc.png, ex2/Results/estimates_mig_fsc.png
    jobid: 0

[Tue Jan  5 20:22:27 2021]
Finished job 0.
5 of 5 steps (100%) done
Complete log: /code/src/analysis/two_pop_fsc26/.snakemake/log/2021-01-05T185054.864608.snakemake.log
