Building DAG of jobs...
Using shell: /bin/bash
Provided cores: 1 (use --cores to define parallelism)
Rules claiming more threads will be scaled down.
Job counts:
	count	jobs
	1	all
	1	get_best_fsc_runs
	1	get_fsc_output
	1	plot_estimates
	1	run_fsc
	5
Select jobs to execute...

[Fri Jan  1 10:38:45 2021]
rule run_fsc:
    input: ex2/Intermediate/1845187043/fsc_analysis/IM_hum.tpl
    output: ex2/Intermediate/1845187043/fsc_analysis/run10/IM_hum/IM_hum.bestlhoods
    jobid: 4
    wildcards: seeds=1845187043, demo_model=IM_hum

[Fri Jan  1 10:38:45 2021]
Error in rule run_fsc:
    jobid: 4
    output: ex2/Intermediate/1845187043/fsc_analysis/run10/IM_hum/IM_hum.bestlhoods
    shell:
        cd ex2/Intermediate/1845187043/fsc_analysis/  &&               mkdir run1 &&              cd run1 &&              cp ../IM_hum* ./ &&              code/src/methods/fsc26/ fsc26 -t IM_hum.tpl -n 100000 -d -e IM_hum.est -M -L 40 -q -c 4 &&              cd .. &&              mkdir run2 &&              cd run2 &&              cp ../IM_hum* ./ &&              code/src/methods/fsc26/ fsc26 -t IM_hum.tpl -n 100000 -d -e IM_hum.est -M -L 40 -q -c 4 &&              cd .. &&              mkdir run3 &&              cd run3 &&              cp ../IM_hum* ./ &&              code/src/methods/fsc26/ fsc26 -t IM_hum.tpl -n 100000 -d -e IM_hum.est -M -L 40 -q -c 4 &&              cd .. &&              mkdir run4 &&              cd run4 &&              cp ../IM_hum* ./ &&              code/src/methods/fsc26/ fsc26 -t IM_hum.tpl -n 100000 -d -e IM_hum.est -M -L 40 -q -c 4 &&              cd .. &&              mkdir run5 &&              cd run5 &&              cp ../IM_hum* ./ &&              code/src/methods/fsc26/ fsc26 -t IM_hum.tpl -n 100000 -d -e IM_hum.est -M -L 40 -q -c 4 &&              cd .. &&              mkdir run6 &&              cd run6 &&              cp ../IM_hum* ./ &&              code/src/methods/fsc26/ fsc26 -t IM_hum.tpl -n 100000 -d -e IM_hum.est -M -L 40 -q -c 4 &&              cd .. &&              mkdir run7 &&              cd run7 &&              cp ../IM_hum* ./ &&              code/src/methods/fsc26/ fsc26 -t IM_hum.tpl -n 100000 -d -e IM_hum.est -M -L 40 -q -c 4 &&              cd .. &&              mkdir run8 &&              cd run8 &&              cp ../IM_hum* ./ &&              code/src/methods/fsc26/ fsc26 -t IM_hum.tpl -n 100000 -d -e IM_hum.est -M -L 40 -q -c 4 &&              cd .. &&              mkdir run9 &&              cd run9 &&              cp ../IM_hum* ./ &&              code/src/methods/fsc26/ fsc26 -t IM_hum.tpl -n 100000 -d -e IM_hum.est -M -L 40 -q -c 4 &&              cd .. &&              cd run10 &&              cp ../IM_hum* ./ &&              code/src/methods/fsc26/ fsc26 -t IM_hum.tpl -n 100000 -d -e IM_hum.est -M -L 40 -q -c 4
        (one of the commands exited with non-zero exit code; note that snakemake uses bash strict mode!)

Shutting down, this might take some time.
Exiting because a job execution failed. Look above for error message
Complete log: /code/src/analysis/two_pop_fsc26/.snakemake/log/2021-01-01T103843.418897.snakemake.log
