Building DAG of jobs...
Using shell: /bin/bash
Provided cores: 1 (use --cores to define parallelism)
Rules claiming more threads will be scaled down.
Job counts:
	count	jobs
	1	all
	4	fit_dadi_model_to_msprime_sfs
	1	get_best_dadi_fsc_runs
	1	get_dadi_fsc_output
	1	plot_estimates
	1	run_fsc
	9
Select jobs to execute...

[Sun Dec 27 11:01:30 2020]
rule run_fsc:
    input: ex1/Intermediate/1845187043/fsc_analysis/IM_hum.tpl
    output: ex1/Intermediate/1845187043/fsc_analysis/run10/IM_hum/IM_hum.bestlhoods
    jobid: 17
    wildcards: seeds=1845187043, demo_model=IM_hum

[Sun Dec 27 11:01:30 2020]
Error in rule run_fsc:
    jobid: 17
    output: ex1/Intermediate/1845187043/fsc_analysis/run10/IM_hum/IM_hum.bestlhoods
    shell:
        cd ex1/Intermediate/1845187043/fsc_analysis/  &&               mkdir run1 &&              cd run1 &&              cp ../IM_hum* ./ &&              /code/src/methods/fsc26/fsc26 -t IM_hum.tpl -n 100000 -d -e IM_hum.est -M -L 40 -q -c 4 &&              cd .. &&              mkdir run2 &&              cd run2 &&              cp ../IM_hum* ./ &&              /code/src/methods/fsc26/fsc26 fsc26 -t IM_hum.tpl -n 100000 -d -e IM_hum.est -M -L 40 -q -c 4 &&              cd .. &&              mkdir run3 &&              cd run3 &&              cp ../IM_hum* ./ &&              /code/src/methods/fsc26/fsc26 fsc26 -t IM_hum.tpl -n 100000 -d -e IM_hum.est -M -L 40 -q -c 4 &&              cd .. &&              mkdir run4 &&              cd run4 &&              cp ../IM_hum* ./ &&              /code/src/methods/fsc26/fsc26 fsc26 -t IM_hum.tpl -n 100000 -d -e IM_hum.est -M -L 40 -q -c 4 &&              cd .. &&              mkdir run5 &&              cd run5 &&              cp ../IM_hum* ./ &&              /code/src/methods/fsc26/fsc26 fsc26 -t IM_hum.tpl -n 100000 -d -e IM_hum.est -M -L 40 -q -c 4 &&              cd .. &&              mkdir run6 &&              cd run6 &&              cp ../IM_hum* ./ &&              /code/src/methods/fsc26/fsc26 fsc26 -t IM_hum.tpl -n 100000 -d -e IM_hum.est -M -L 40 -q -c 4 &&              cd .. &&              mkdir run7 &&              cd run7 &&              cp ../IM_hum* ./ &&              /code/src/methods/fsc26/fsc26 fsc26 -t IM_hum.tpl -n 100000 -d -e IM_hum.est -M -L 40 -q -c 4 &&              cd .. &&              mkdir run8 &&              cd run8 &&              cp ../IM_hum* ./ &&              /code/src/methods/fsc26/fsc26 fsc26 -t IM_hum.tpl -n 100000 -d -e IM_hum.est -M -L 40 -q -c 4 &&              cd .. &&              mkdir run9 &&              cd run9 &&              cp ../IM_hum* ./ &&              /code/src/methods/fsc26/fsc26 fsc26 -t IM_hum.tpl -n 100000 -d -e IM_hum.est -M -L 40 -q -c 4 &&              cd .. &&              cd run10 &&              cp ../IM_hum* ./ &&              /code/src/methods/fsc26/fsc26 fsc26 -t IM_hum.tpl -n 100000 -d -e IM_hum.est -M -L 40 -q -c 4
        (one of the commands exited with non-zero exit code; note that snakemake uses bash strict mode!)

Shutting down, this might take some time.
Exiting because a job execution failed. Look above for error message
Complete log: /code/src/analysis/two_population_analysis old/.snakemake/log/2020-12-27T110127.772268.snakemake.log
