Building DAG of jobs...
Using shell: /bin/bash
Provided cores: 1 (use --cores to define parallelism)
Rules claiming more threads will be scaled down.
Job counts:
	count	jobs
	1	all
	4	fit_dadi_model_to_msprime_sfs
	1	fsc_setup
	1	get_best_dadi_fsc_runs
	1	get_dadi_fsc_output
	1	plot_estimates
	1	run_fsc
	10
Select jobs to execute...

[Sun Dec 27 10:48:14 2020]
rule fsc_setup:
    input: ex1/Intermediate/1845187043/fsc_analysis/IM_hum_jointDAFpop1_0.obs
    output: ex1/Intermediate/1845187043/fsc_analysis/IM_hum.est, ex1/Intermediate/1845187043/fsc_analysis/IM_hum.tpl
    jobid: 18
    wildcards: seeds=1845187043, demo_model=IM_hum

[Sun Dec 27 10:48:15 2020]
Error in rule fsc_setup:
    jobid: 18
    output: ex1/Intermediate/1845187043/fsc_analysis/IM_hum.est, ex1/Intermediate/1845187043/fsc_analysis/IM_hum.tpl
    shell:
        cp /code/src/methods/fsc26/fsc_files/IM_hum.est ex1/Intermediate/1845187043/fsc_analysis/IM_hum.est &&             cp /code/src/methods/fsc26/fsc_files/IM_hum.tpl ex1/Intermediate/1845187043/fsc_analysis/IM_hum.tpl &&             sed -i.bak 's/SAMPLE_SIZE/20/' ex1/Intermediate/1845187043/fsc_analysis/IM_hum.tpl && rm ex1/Intermediate/1845187043/fsc_analysis/IM_hum.tpl.bak &&            cd /code/src/methods/fsc26/fsc26/ && chmod +x fsc26
        (one of the commands exited with non-zero exit code; note that snakemake uses bash strict mode!)

Removing output files of failed job fsc_setup since they might be corrupted:
ex1/Intermediate/1845187043/fsc_analysis/IM_hum.est, ex1/Intermediate/1845187043/fsc_analysis/IM_hum.tpl
Shutting down, this might take some time.
Exiting because a job execution failed. Look above for error message
Complete log: /code/src/analysis/two_population_analysis old/.snakemake/log/2020-12-27T104812.232249.snakemake.log
